#! /usr/local/Cellar/icarus-verilog/10.3/bin/vvp
:ivl_version "10.3 (stable)" "(v10_3)";
:ivl_delay_selection "TYPICAL";
:vpi_time_precision + 0;
:vpi_module "system";
:vpi_module "vhdl_sys";
:vpi_module "v2005_math";
:vpi_module "va_math";
S_0x7ff33fe0c940 .scope module, "clk_gen" "clk_gen" 2 7;
 .timescale 0 0;
    .port_info 0 /INPUT 1 "CLK"
    .port_info 1 /OUTPUT 1 "CLK_FT"
    .port_info 2 /OUTPUT 1 "CLK_DC"
    .port_info 3 /OUTPUT 1 "CLK_EX"
    .port_info 4 /OUTPUT 1 "CLK_WB"
o0x7ff33fd32098 .functor BUFZ 1, C4<z>; HiZ drive
v0x7ff33fe1ccf0_0 .net "CLK", 0 0, o0x7ff33fd32098;  0 drivers
v0x7ff33fe1cd90_0 .var "CLK_DC", 0 0;
v0x7ff33fe1ce30_0 .var "CLK_EX", 0 0;
v0x7ff33fe1cee0_0 .var "CLK_FT", 0 0;
v0x7ff33fe1cf80_0 .var "CLK_WB", 0 0;
v0x7ff33fe1d060_0 .var "cnt", 1 0;
E_0x7ff33fe049e0 .event posedge, v0x7ff33fe1ccf0_0;
S_0x7ff33fe0caa0 .scope function, "sub_clk" "sub_clk" 2 14, 2 14 0, S_0x7ff33fe0c940;
 .timescale 0 0;
v0x7ff33fe0cc50_0 .var "cnt", 1 0;
v0x7ff33fe1cba0_0 .var "sel", 1 0;
v0x7ff33fe1cc40_0 .var "sub_clk", 0 0;
TD_clk_gen.sub_clk ;
    %load/vec4 v0x7ff33fe0cc50_0;
    %dup/vec4;
    %pushi/vec4 0, 0, 2;
    %cmp/u;
    %jmp/1 T_0.0, 6;
    %dup/vec4;
    %pushi/vec4 1, 0, 2;
    %cmp/u;
    %jmp/1 T_0.1, 6;
    %dup/vec4;
    %pushi/vec4 2, 0, 2;
    %cmp/u;
    %jmp/1 T_0.2, 6;
    %dup/vec4;
    %pushi/vec4 3, 0, 2;
    %cmp/u;
    %jmp/1 T_0.3, 6;
    %pushi/vec4 1, 1, 1;
    %store/vec4 v0x7ff33fe1cc40_0, 0, 1;
    %jmp T_0.5;
T_0.0 ;
    %load/vec4 v0x7ff33fe1cba0_0;
    %cmpi/e 0, 0, 2;
    %flag_mov 8, 4;
    %jmp/0 T_0.6, 8;
    %pushi/vec4 1, 0, 1;
    %jmp/1 T_0.7, 8;
T_0.6 ; End of true expr.
    %load/vec4 v0x7ff33fe1cba0_0;
    %cmpi/e 1, 0, 2;
    %flag_mov 9, 4;
    %jmp/0 T_0.8, 9;
    %pushi/vec4 0, 0, 1;
    %jmp/1 T_0.9, 9;
T_0.8 ; End of true expr.
    %load/vec4 v0x7ff33fe1cba0_0;
    %cmpi/e 2, 0, 2;
    %flag_mov 10, 4;
    %jmp/0 T_0.10, 10;
    %pushi/vec4 0, 0, 1;
    %jmp/1 T_0.11, 10;
T_0.10 ; End of true expr.
    %load/vec4 v0x7ff33fe1cba0_0;
    %cmpi/e 3, 0, 2;
    %flag_mov 11, 4;
    %jmp/0 T_0.12, 11;
    %pushi/vec4 0, 0, 1;
    %jmp/1 T_0.13, 11;
T_0.12 ; End of true expr.
    %pushi/vec4 1, 1, 1;
    %jmp/0 T_0.13, 11;
 ; End of false expr.
    %blend;
T_0.13;
    %jmp/0 T_0.11, 10;
 ; End of false expr.
    %blend;
T_0.11;
    %jmp/0 T_0.9, 9;
 ; End of false expr.
    %blend;
T_0.9;
    %jmp/0 T_0.7, 8;
 ; End of false expr.
    %blend;
T_0.7;
    %store/vec4 v0x7ff33fe1cc40_0, 0, 1;
    %jmp T_0.5;
T_0.1 ;
    %load/vec4 v0x7ff33fe1cba0_0;
    %cmpi/e 0, 0, 2;
    %flag_mov 8, 4;
    %jmp/0 T_0.14, 8;
    %pushi/vec4 0, 0, 1;
    %jmp/1 T_0.15, 8;
T_0.14 ; End of true expr.
    %load/vec4 v0x7ff33fe1cba0_0;
    %cmpi/e 1, 0, 2;
    %flag_mov 9, 4;
    %jmp/0 T_0.16, 9;
    %pushi/vec4 1, 0, 1;
    %jmp/1 T_0.17, 9;
T_0.16 ; End of true expr.
    %load/vec4 v0x7ff33fe1cba0_0;
    %cmpi/e 2, 0, 2;
    %flag_mov 10, 4;
    %jmp/0 T_0.18, 10;
    %pushi/vec4 0, 0, 1;
    %jmp/1 T_0.19, 10;
T_0.18 ; End of true expr.
    %load/vec4 v0x7ff33fe1cba0_0;
    %cmpi/e 3, 0, 2;
    %flag_mov 11, 4;
    %jmp/0 T_0.20, 11;
    %pushi/vec4 0, 0, 1;
    %jmp/1 T_0.21, 11;
T_0.20 ; End of true expr.
    %pushi/vec4 1, 1, 1;
    %jmp/0 T_0.21, 11;
 ; End of false expr.
    %blend;
T_0.21;
    %jmp/0 T_0.19, 10;
 ; End of false expr.
    %blend;
T_0.19;
    %jmp/0 T_0.17, 9;
 ; End of false expr.
    %blend;
T_0.17;
    %jmp/0 T_0.15, 8;
 ; End of false expr.
    %blend;
T_0.15;
    %store/vec4 v0x7ff33fe1cc40_0, 0, 1;
    %jmp T_0.5;
T_0.2 ;
    %load/vec4 v0x7ff33fe1cba0_0;
    %cmpi/e 0, 0, 2;
    %flag_mov 8, 4;
    %jmp/0 T_0.22, 8;
    %pushi/vec4 0, 0, 1;
    %jmp/1 T_0.23, 8;
T_0.22 ; End of true expr.
    %load/vec4 v0x7ff33fe1cba0_0;
    %cmpi/e 1, 0, 2;
    %flag_mov 9, 4;
    %jmp/0 T_0.24, 9;
    %pushi/vec4 0, 0, 1;
    %jmp/1 T_0.25, 9;
T_0.24 ; End of true expr.
    %load/vec4 v0x7ff33fe1cba0_0;
    %cmpi/e 2, 0, 2;
    %flag_mov 10, 4;
    %jmp/0 T_0.26, 10;
    %pushi/vec4 1, 0, 1;
    %jmp/1 T_0.27, 10;
T_0.26 ; End of true expr.
    %load/vec4 v0x7ff33fe1cba0_0;
    %cmpi/e 3, 0, 2;
    %flag_mov 11, 4;
    %jmp/0 T_0.28, 11;
    %pushi/vec4 0, 0, 1;
    %jmp/1 T_0.29, 11;
T_0.28 ; End of true expr.
    %pushi/vec4 1, 1, 1;
    %jmp/0 T_0.29, 11;
 ; End of false expr.
    %blend;
T_0.29;
    %jmp/0 T_0.27, 10;
 ; End of false expr.
    %blend;
T_0.27;
    %jmp/0 T_0.25, 9;
 ; End of false expr.
    %blend;
T_0.25;
    %jmp/0 T_0.23, 8;
 ; End of false expr.
    %blend;
T_0.23;
    %store/vec4 v0x7ff33fe1cc40_0, 0, 1;
    %jmp T_0.5;
T_0.3 ;
    %load/vec4 v0x7ff33fe1cba0_0;
    %cmpi/e 0, 0, 2;
    %flag_mov 8, 4;
    %jmp/0 T_0.30, 8;
    %pushi/vec4 1, 0, 1;
    %jmp/1 T_0.31, 8;
T_0.30 ; End of true expr.
    %load/vec4 v0x7ff33fe1cba0_0;
    %cmpi/e 1, 0, 2;
    %flag_mov 9, 4;
    %jmp/0 T_0.32, 9;
    %pushi/vec4 0, 0, 1;
    %jmp/1 T_0.33, 9;
T_0.32 ; End of true expr.
    %load/vec4 v0x7ff33fe1cba0_0;
    %cmpi/e 2, 0, 2;
    %flag_mov 10, 4;
    %jmp/0 T_0.34, 10;
    %pushi/vec4 0, 0, 1;
    %jmp/1 T_0.35, 10;
T_0.34 ; End of true expr.
    %load/vec4 v0x7ff33fe1cba0_0;
    %cmpi/e 3, 0, 2;
    %flag_mov 11, 4;
    %jmp/0 T_0.36, 11;
    %pushi/vec4 1, 0, 1;
    %jmp/1 T_0.37, 11;
T_0.36 ; End of true expr.
    %pushi/vec4 1, 1, 1;
    %jmp/0 T_0.37, 11;
 ; End of false expr.
    %blend;
T_0.37;
    %jmp/0 T_0.35, 10;
 ; End of false expr.
    %blend;
T_0.35;
    %jmp/0 T_0.33, 9;
 ; End of false expr.
    %blend;
T_0.33;
    %jmp/0 T_0.31, 8;
 ; End of false expr.
    %blend;
T_0.31;
    %store/vec4 v0x7ff33fe1cc40_0, 0, 1;
    %jmp T_0.5;
T_0.5 ;
    %pop/vec4 1;
    %end;
    .scope S_0x7ff33fe0c940;
T_1 ;
    %wait E_0x7ff33fe049e0;
    %load/vec4 v0x7ff33fe1d060_0;
    %addi 1, 0, 2;
    %assign/vec4 v0x7ff33fe1d060_0, 0;
    %load/vec4 v0x7ff33fe1d060_0;
    %pushi/vec4 0, 0, 2;
    %store/vec4 v0x7ff33fe1cba0_0, 0, 2;
    %store/vec4 v0x7ff33fe0cc50_0, 0, 2;
    %fork TD_clk_gen.sub_clk, S_0x7ff33fe0caa0;
    %join;
    %load/vec4  v0x7ff33fe1cc40_0;
    %assign/vec4 v0x7ff33fe1cee0_0, 0;
    %load/vec4 v0x7ff33fe1d060_0;
    %pushi/vec4 1, 0, 2;
    %store/vec4 v0x7ff33fe1cba0_0, 0, 2;
    %store/vec4 v0x7ff33fe0cc50_0, 0, 2;
    %fork TD_clk_gen.sub_clk, S_0x7ff33fe0caa0;
    %join;
    %load/vec4  v0x7ff33fe1cc40_0;
    %assign/vec4 v0x7ff33fe1cd90_0, 0;
    %load/vec4 v0x7ff33fe1d060_0;
    %pushi/vec4 2, 0, 2;
    %store/vec4 v0x7ff33fe1cba0_0, 0, 2;
    %store/vec4 v0x7ff33fe0cc50_0, 0, 2;
    %fork TD_clk_gen.sub_clk, S_0x7ff33fe0caa0;
    %join;
    %load/vec4  v0x7ff33fe1cc40_0;
    %assign/vec4 v0x7ff33fe1ce30_0, 0;
    %load/vec4 v0x7ff33fe1d060_0;
    %pushi/vec4 3, 0, 2;
    %store/vec4 v0x7ff33fe1cba0_0, 0, 2;
    %store/vec4 v0x7ff33fe0cc50_0, 0, 2;
    %fork TD_clk_gen.sub_clk, S_0x7ff33fe0caa0;
    %join;
    %load/vec4  v0x7ff33fe1cc40_0;
    %assign/vec4 v0x7ff33fe1cf80_0, 0;
    %jmp T_1;
    .thread T_1;
# The file index is used to find the file name in the following table.
:file_names 3;
    "N/A";
    "<interactive>";
    "clk_gen.v";
